<?xml version="1.0" encoding="UTF-8"?>
<!-- Generated by org.testng.reporters.JUnitReportReporter -->
<testsuite hostname="OSG-PF2KWFHE" failures="0" tests="1" name="learningSelenium.LaunchGmail" time="355.463" errors="0" timestamp="2024-07-16T11:28:11 PDT" skipped="0">
  <testcase classname="learningSelenium.LaunchGmail" name="testdan" time="355.463"/>
  <system-out/>
</testsuite> <!-- learningSelenium.LaunchGmail -->
